<?xml version="1.0" encoding="UTF-8"?>
<testsuite xmlns:xsi="http://www.w3.org/2001/XMLSchema-instance" xsi:noNamespaceSchemaLocation="https://maven.apache.org/surefire/maven-surefire-plugin/xsd/surefire-test-report.xsd" name="com.mend.graph.server.GraphAlgoTest" time="2.102" tests="2" errors="0" skipped="0" failures="0">
  <properties>
[...]
</properties>
  <testcase name="healthCheckTest" classname="com.mend.graph.server.GraphAlgoTest" time="0.272"/>
  <testcase name="digraphTest" classname="com.mend.graph.server.GraphAlgoTest" time="0.058"/>
</testsuite>