<?xml version="1.0" encoding="UTF-8"?>
<testsuite xmlns:xsi="http://www.w3.org/2001/XMLSchema-instance" xsi:noNamespaceSchemaLocation="https://maven.apache.org/surefire/maven-surefire-plugin/xsd/surefire-test-report-3.0.xsd" version="3.0" name="com.mend.graph.server.GraphAlgoTest" time="1.963" tests="2" errors="0" skipped="0" failures="0">
  <properties>
[...]
</properties>
  <testcase name="healthCheckTest" classname="com.mend.graph.server.GraphAlgoTest" time="0.642">
    <system-out><![CDATA[ __       __                            __
|  \     /  \                          |  \
| $$\   /  $$  ______   _______    ____| $$
| $$$\ /  $$$ /      \ |       \  /      $$
| $$$$\  $$$$|  $$$$$$\| $$$$$$$\|  $$$$$$$
| $$\$$ $$ $$| $$    $$| $$  | $$| $$  | $$
| $$ \$$$| $$| $$$$$$$$| $$  | $$| $$__| $$
| $$  \$ | $$ \$$     \| $$  | $$ \$$    $$
 \$$      \$$  \$$$$$$$ \$$   \$$  \$$$$$$$



  ______                                __
 /      \                              |  \
|  $$$$$$\  ______   ______    ______  | $$____
| $$ __\$$ /      \ |      \  /      \ | $$    \
| $$|    \|  $$$$$$\ \$$$$$$\|  $$$$$$\| $$$$$$$\
| $$ \$$$$| $$   \$$/      $$| $$  | $$| $$  | $$
| $$__| $$| $$     |  $$$$$$$| $$__/ $$| $$  | $$
 \$$    $$| $$      \$$    $$| $$    $$| $$  | $$
  \$$$$$$  \$$       \$$$$$$$| $$$$$$$  \$$   \$$
                             | $$
                             | $$
                              \$$
  ______                                 __
 /      \                               |  \
|  $$$$$$\  ______    ______  __     __  \$$  _______   ______
| $$___\$$ /      \  /      \|  \   /  \|  \ /       \ /      \
 \$$    \ |  $$$$$$\|  $$$$$$\\$$\ /  $$| $$|  $$$$$$$|  $$$$$$\
 _\$$$$$$\| $$    $$| $$   \$$ \$$\  $$ | $$| $$      | $$    $$
|  \__| $$| $$$$$$$$| $$        \$$ $$  | $$| $$_____ | $$$$$$$$
 \$$    $$ \$$     \| $$         \$$$   | $$ \$$     \ \$$     \
  \$$$$$$   \$$$$$$$ \$$          \$     \$$  \$$$$$$$  \$$$$$$$

                  Version 1.0-SNAPSHOT



2023-10-05 15:03:41 [INFO ] [main] org.springframework.boot.StartupInfoLogger.logStarting 51 - Starting GraphAlgoTest using Java 21 with PID 36631 (started by lshepetovsky in /Users/lshepetovsky/src/github/players-service/mend-graph-service-server)
2023-10-05 15:03:41 [INFO ] [main] org.springframework.boot.SpringApplication.logStartupProfileInfo 637 - No active profile set, falling back to 1 default profile: "default"
2023-10-05 15:03:41 [INFO ] [main] org.springframework.boot.StartupInfoLogger.logStarted 57 - Started GraphAlgoTest in 0.947 seconds (process running for 1.579)
2023-10-05 15:03:42 [INFO ] [http-nio-auto-1-exec-1] com.mend.graph.server.controller.HealthCheckController.healthCheck 26 - Called healthcheck [080a5fde-dfa1-4e12-870e-03871ee1e43f]
]]></system-out>
    <system-err><![CDATA[WARNING: A Java agent has been loaded dynamically (/Users/lshepetovsky/.m2/repository/net/bytebuddy/byte-buddy-agent/1.14.8/byte-buddy-agent-1.14.8.jar)
WARNING: If a serviceability tool is in use, please run with -XX:+EnableDynamicAgentLoading to hide this warning
WARNING: If a serviceability tool is not in use, please run with -Djdk.instrument.traceUsage for more information
WARNING: Dynamic loading of agents will be disallowed by default in a future release
]]></system-err>
  </testcase>
  <testcase name="digraphTest" classname="com.mend.graph.server.GraphAlgoTest" time="0.056"/>
</testsuite>